131 : 2021-12-15 11:04:57,451 : INFO : telemetry.main : Attempt start. Configuration directory [/home/prasad/.azure].
131 : 2021-12-15 11:04:57,451 : INFO : telemetry.check : Positive: The /home/prasad/.azure/telemetry.txt does not exist.
131 : 2021-12-15 11:04:57,452 : DEBUG : telemetry.note : acquiring lock
131 : 2021-12-15 11:04:57,452 : DEBUG : telemetry.note : acquired lock
131 : 2021-12-15 11:04:57,452 : INFO : telemetry.note : Update the note mtime to 2021-12-15 11:04:57.452444
131 : 2021-12-15 11:04:57,452 : WARNING : telemetry.note : Fail to parse or read the timestamp 'N/A' in the note file. Set the last send time to minimal. Reason: not readable
131 : 2021-12-15 11:04:57,452 : INFO : telemetry.records : No cache to be uploaded.
131 : 2021-12-15 11:04:57,452 : INFO : telemetry.client : Accumulated 0 events. Flush the clients.
131 : 2021-12-15 11:04:57,453 : INFO : telemetry.note : Update the last send in note to 0001-01-01 00:00:00
131 : 2021-12-15 11:04:57,453 : INFO : telemetry.note : Update the note mtime to 2021-12-15 11:04:57.453235
117 : 2021-12-15 13:02:01,122 : INFO : telemetry.main : Attempt start. Configuration directory [/home/prasad/.azure].
117 : 2021-12-15 13:02:01,129 : INFO : telemetry.check : Returns Positive.
117 : 2021-12-15 13:02:01,129 : DEBUG : telemetry.note : acquiring lock
117 : 2021-12-15 13:02:01,129 : DEBUG : telemetry.note : acquired lock
117 : 2021-12-15 13:02:01,129 : INFO : telemetry.note : Update the note mtime to 2021-12-15 13:02:01.129528
117 : 2021-12-15 13:02:01,165 : WARNING : telemetry.note : Fail to parse or read the timestamp '1-01-01T00:00:00' in the note file. Set the last send time to minimal. Reason: time data '1-01-01T00:00:00' does not match format '%Y-%m-%dT%H:%M:%S'
117 : 2021-12-15 13:02:01,165 : INFO : telemetry.records : No cache to be uploaded.
117 : 2021-12-15 13:02:01,165 : INFO : telemetry.client : Accumulated 0 events. Flush the clients.
117 : 2021-12-15 13:02:01,166 : INFO : telemetry.note : Update the last send in note to 0001-01-01 00:00:00
117 : 2021-12-15 13:02:01,166 : INFO : telemetry.note : Update the note mtime to 2021-12-15 13:02:01.166194
